d:\opengl\project1\x64\debug\vc143.pdb
d:\opengl\project1\x64\debug\vc143.idb
d:\opengl\project1\x64\debug\main.obj
d:\opengl\project1\x64\debug\app.obj
d:\opengl\project1\x64\debug\project1.pdb
d:\opengl\project1\x64\debug\project1.tlog\cl.command.1.tlog
d:\opengl\project1\x64\debug\project1.tlog\cl.read.1.tlog
d:\opengl\project1\x64\debug\project1.tlog\cl.write.1.tlog
d:\opengl\project1\x64\debug\project1.tlog\link-cvtres.read.1.tlog
d:\opengl\project1\x64\debug\project1.tlog\link-cvtres.write.1.tlog
d:\opengl\project1\x64\debug\project1.tlog\link-rc.read.1.tlog
d:\opengl\project1\x64\debug\project1.tlog\link-rc.write.1.tlog
d:\opengl\project1\x64\debug\project1.tlog\link.5348-cvtres.read.1.tlog
d:\opengl\project1\x64\debug\project1.tlog\link.5348-cvtres.write.1.tlog
d:\opengl\project1\x64\debug\project1.tlog\link.5348-rc.read.1.tlog
d:\opengl\project1\x64\debug\project1.tlog\link.5348-rc.write.1.tlog
d:\opengl\project1\x64\debug\project1.tlog\link.5348.read.1.tlog
d:\opengl\project1\x64\debug\project1.tlog\link.5348.read.2.tlog
d:\opengl\project1\x64\debug\project1.tlog\link.5348.write.1.tlog
d:\opengl\project1\x64\debug\project1.tlog\link.command.1.tlog
d:\opengl\project1\x64\debug\project1.tlog\link.read.1.tlog
d:\opengl\project1\x64\debug\project1.tlog\link.read.2.tlog
d:\opengl\project1\x64\debug\project1.tlog\link.write.1.tlog
